
Mar 28, 2015 24:50:14.68 NEW SESSION
Mar 28, 2015 24:50:14.68 WARNING: content window passed to PrivateBrowsingUtils.isWindowPrivate. Use isContentWindowPrivate instead (but only for frame scripts).
Mar 28, 2015 24:50:14.69 pbu_isWindowPrivate@resource://gre/modules/PrivateBrowsingUtils.jsm:25:14
Mar 28, 2015 24:50:14.69 nsBrowserAccess.prototype.openURI@chrome://browser/content/browser.js:14328:25
Mar 28, 2015 24:51:26.50 WARNING: content window passed to PrivateBrowsingUtils.isWindowPrivate. Use isContentWindowPrivate instead (but only for frame scripts).
Mar 28, 2015 24:51:26.50 pbu_isWindowPrivate@resource://gre/modules/PrivateBrowsingUtils.jsm:25:14
Mar 28, 2015 24:51:26.51 nsBrowserAccess.prototype.openURI@chrome://browser/content/browser.js:14328:25
Mar 28, 2015 24:51:56.76 [Child 552] WARNING: pipe error: 109: file c:/builds/moz2_slave/rel-m-rel-w32_bld-000000000000/build/ipc/chromium/src/chrome/common/ipc_channel_win.cc, line 305
Mar 28, 2015 01:19:58.03 console.warn: Asynchronous operation was aborted as selection changed.
Mar 28, 2015 01:22:42.11 console.error: 
Mar 28, 2015 01:22:42.11   Message: TypeError: node is null
Mar 28, 2015 01:22:42.11   Stack:
Mar 28, 2015 01:22:42.12     WalkerActor<.children<@resource://gre/modules/commonjs/toolkit/loader.js -> resource://gre/modules/devtools/server/actors/inspector.js:1547:9
Mar 28, 2015 01:22:42.12 actorProto/</handler@resource://gre/modules/commonjs/toolkit/loader.js -> resource://gre/modules/devtools/server/protocol.js:1004:19
Mar 28, 2015 01:22:42.12 DSC_onPacket@resource://gre/modules/commonjs/toolkit/loader.js -> resource://gre/modules/devtools/server/main.js:1422:15
Mar 28, 2015 01:22:42.13 LocalDebuggerTransport.prototype.send/<@resource://gre/modules/devtools/dbg-client.jsm -> resource://gre/modules/devtools/transport/transport.js:545:11
Mar 28, 2015 01:22:42.13 makeInfallible/<@resource://gre/modules/commonjs/toolkit/loader.js -> resource://gre/modules/devtools/DevToolsUtils.js:82:14
Mar 28, 2015 01:22:42.14 makeInfallible/<@resource://gre/modules/commonjs/toolkit/loader.js -> resource://gre/modules/devtools/DevToolsUtils.js:82:14
Mar 28, 2015 01:22:42.14 
Mar 28, 2015 01:22:42.14 WalkerActor<.children<@resource://gre/modules/commonjs/toolkit/loader.js -> resource://gre/modules/devtools/server/actors/inspector.js:1547:9
Mar 28, 2015 01:22:42.14 actorProto/</handler@resource://gre/modules/commonjs/toolkit/loader.js -> resource://gre/modules/devtools/server/protocol.js:1004:19
Mar 28, 2015 01:22:42.15 DSC_onPacket@resource://gre/modules/commonjs/toolkit/loader.js -> resource://gre/modules/devtools/server/main.js:1422:15
Mar 28, 2015 01:22:42.15 LocalDebuggerTransport.prototype.send/<@resource://gre/modules/devtools/dbg-client.jsm -> resource://gre/modules/devtools/transport/transport.js:545:11
Mar 28, 2015 01:22:42.15 makeInfallible/<@resource://gre/modules/commonjs/toolkit/loader.js -> resource://gre/modules/devtools/DevToolsUtils.js:82:14
Mar 28, 2015 01:22:42.16 makeInfallible/<@resource://gre/modules/commonjs/toolkit/loader.js -> resource://gre/modules/devtools/DevToolsUtils.js:82:14
Mar 28, 2015 01:22:42.16 console.error: 
Mar 28, 2015 01:22:42.16   Message: TypeError: node is null
Mar 28, 2015 01:22:42.17   Stack:
Mar 28, 2015 01:22:42.17     WalkerActor<.children<@resource://gre/modules/commonjs/toolkit/loader.js -> resource://gre/modules/devtools/server/actors/inspector.js:1547:9
Mar 28, 2015 01:22:42.17 actorProto/</handler@resource://gre/modules/commonjs/toolkit/loader.js -> resource://gre/modules/devtools/server/protocol.js:1004:19
Mar 28, 2015 01:22:42.18 DSC_onPacket@resource://gre/modules/commonjs/toolkit/loader.js -> resource://gre/modules/devtools/server/main.js:1422:15
Mar 28, 2015 01:22:42.18 LocalDebuggerTransport.prototype.send/<@resource://gre/modules/devtools/dbg-client.jsm -> resource://gre/modules/devtools/transport/transport.js:545:11
Mar 28, 2015 01:22:42.18 makeInfallible/<@resource://gre/modules/commonjs/toolkit/loader.js -> resource://gre/modules/devtools/DevToolsUtils.js:82:14
Mar 28, 2015 01:22:42.19 makeInfallible/<@resource://gre/modules/commonjs/toolkit/loader.js -> resource://gre/modules/devtools/DevToolsUtils.js:82:14
Mar 28, 2015 01:22:42.19 
Mar 28, 2015 01:22:42.19 WalkerActor<.children<@resource://gre/modules/commonjs/toolkit/loader.js -> resource://gre/modules/devtools/server/actors/inspector.js:1547:9
Mar 28, 2015 01:22:42.20 actorProto/</handler@resource://gre/modules/commonjs/toolkit/loader.js -> resource://gre/modules/devtools/server/protocol.js:1004:19
Mar 28, 2015 01:22:42.20 DSC_onPacket@resource://gre/modules/commonjs/toolkit/loader.js -> resource://gre/modules/devtools/server/main.js:1422:15
Mar 28, 2015 01:22:42.20 LocalDebuggerTransport.prototype.send/<@resource://gre/modules/devtools/dbg-client.jsm -> resource://gre/modules/devtools/transport/transport.js:545:11
Mar 28, 2015 01:22:42.21 makeInfallible/<@resource://gre/modules/commonjs/toolkit/loader.js -> resource://gre/modules/devtools/DevToolsUtils.js:82:14
Mar 28, 2015 01:22:42.21 makeInfallible/<@resource://gre/modules/commonjs/toolkit/loader.js -> resource://gre/modules/devtools/DevToolsUtils.js:82:14
Mar 28, 2015 01:22:42.22 console.error: 
Mar 28, 2015 01:22:42.22   Message: TypeError: node is null
Mar 28, 2015 01:22:42.22   Stack:
Mar 28, 2015 01:22:42.23     WalkerActor<.children<@resource://gre/modules/commonjs/toolkit/loader.js -> resource://gre/modules/devtools/server/actors/inspector.js:1547:9
Mar 28, 2015 01:22:42.23 actorProto/</handler@resource://gre/modules/commonjs/toolkit/loader.js -> resource://gre/modules/devtools/server/protocol.js:1004:19
Mar 28, 2015 01:22:42.24 DSC_onPacket@resource://gre/modules/commonjs/toolkit/loader.js -> resource://gre/modules/devtools/server/main.js:1422:15
Mar 28, 2015 01:22:42.24 LocalDebuggerTransport.prototype.send/<@resource://gre/modules/devtools/dbg-client.jsm -> resource://gre/modules/devtools/transport/transport.js:545:11
Mar 28, 2015 01:22:42.24 makeInfallible/<@resource://gre/modules/commonjs/toolkit/loader.js -> resource://gre/modules/devtools/DevToolsUtils.js:82:14
Mar 28, 2015 01:22:42.25 makeInfallible/<@resource://gre/modules/commonjs/toolkit/loader.js -> resource://gre/modules/devtools/DevToolsUtils.js:82:14
Mar 28, 2015 01:22:42.25 
Mar 28, 2015 01:22:42.25 WalkerActor<.children<@resource://gre/modules/commonjs/toolkit/loader.js -> resource://gre/modules/devtools/server/actors/inspector.js:1547:9
Mar 28, 2015 01:22:42.26 actorProto/</handler@resource://gre/modules/commonjs/toolkit/loader.js -> resource://gre/modules/devtools/server/protocol.js:1004:19
Mar 28, 2015 01:22:42.26 DSC_onPacket@resource://gre/modules/commonjs/toolkit/loader.js -> resource://gre/modules/devtools/server/main.js:1422:15
Mar 28, 2015 01:22:42.26 LocalDebuggerTransport.prototype.send/<@resource://gre/modules/devtools/dbg-client.jsm -> resource://gre/modules/devtools/transport/transport.js:545:11
Mar 28, 2015 01:22:42.27 makeInfallible/<@resource://gre/modules/commonjs/toolkit/loader.js -> resource://gre/modules/devtools/DevToolsUtils.js:82:14
Mar 28, 2015 01:22:42.27 makeInfallible/<@resource://gre/modules/commonjs/toolkit/loader.js -> resource://gre/modules/devtools/DevToolsUtils.js:82:14
Mar 28, 2015 01:22:42.28 console.error: 
Mar 28, 2015 01:22:42.28   Protocol error (unknownError): TypeError: node is null
Mar 28, 2015 01:22:42.28 console.error: 
Mar 28, 2015 01:22:42.29   Protocol error (unknownError): TypeError: node is null
Mar 28, 2015 01:22:42.29 console.error: 
Mar 28, 2015 01:22:42.29   Protocol error (unknownError): TypeError: node is null
Mar 28, 2015 01:22:42.30 console.error: 
Mar 28, 2015 01:22:42.30   Protocol error (unknownError): TypeError: node is null
Mar 28, 2015 01:22:42.30 console.warn: Could not show the node, the markup-view was destroyed while waiting for children
Mar 28, 2015 01:22:42.31 console.warn: Could not mark node as selected, the markup-view was destroyed while showing the node.
Mar 28, 2015 01:22:42.31 console.error: 
Mar 28, 2015 01:22:42.31   Protocol error (unknownError): TypeError: node is null
Mar 28, 2015 01:22:42.32 console.error: 
Mar 28, 2015 01:22:42.32   Protocol error (unknownError): TypeError: node is null

Mar 28, 2015 09:55:02.99 NEW SESSION
Mar 28, 2015 09:55:02.99 [GFX1-]: [D2D1.1] 4CreateBitmap failure Size(28,24968) Code: 0x80070057
Mar 28, 2015 09:55:44.63 WARNING: content window passed to PrivateBrowsingUtils.isWindowPrivate. Use isContentWindowPrivate instead (but only for frame scripts).
Mar 28, 2015 09:55:44.64 pbu_isWindowPrivate@resource://gre/modules/PrivateBrowsingUtils.jsm:25:14
Mar 28, 2015 09:55:44.64 nsBrowserAccess.prototype.openURI@chrome://browser/content/browser.js:14328:25
Mar 28, 2015 09:57:51.69 [GFX1-]: [D2D1.1] 4CreateBitmap failure Size(28,24968) Code: 0x80070057
Mar 28, 2015 10:08:37.91 [GFX1-]: [D2D1.1] 4CreateBitmap failure Size(28,24968) Code: 0x80070057
Mar 28, 2015 10:09:55.91 
Mar 28, 2015 10:09:55.92 ###!!! [Child][OnMaybeDequeueOne] Error: Channel closing: too late to send/recv, messages will be lost
Mar 28, 2015 10:09:55.92 
Mar 28, 2015 10:10:20.44 WARNING: content window passed to PrivateBrowsingUtils.isWindowPrivate. Use isContentWindowPrivate instead (but only for frame scripts).
Mar 28, 2015 10:10:20.45 pbu_isWindowPrivate@resource://gre/modules/PrivateBrowsingUtils.jsm:25:14
Mar 28, 2015 10:10:20.45 nsBrowserAccess.prototype.openURI@chrome://browser/content/browser.js:14328:25
Mar 28, 2015 10:10:26.37 WARNING: content window passed to PrivateBrowsingUtils.isWindowPrivate. Use isContentWindowPrivate instead (but only for frame scripts).
Mar 28, 2015 10:10:26.37 pbu_isWindowPrivate@resource://gre/modules/PrivateBrowsingUtils.jsm:25:14
Mar 28, 2015 10:10:26.37 nsBrowserAccess.prototype.openURI@chrome://browser/content/browser.js:14328:25
Mar 28, 2015 10:11:31.73 
Mar 28, 2015 10:11:31.74 ###!!! [Child][MessageChannel] Error: Channel closing: too late to send/recv, messages will be lost
Mar 28, 2015 10:11:31.74 
Mar 28, 2015 10:15:38.13 [GFX1-]: [D2D1.1] 4CreateBitmap failure Size(28,24968) Code: 0x80070057

Mar 31, 2015 19:33:53.54 NEW SESSION
Mar 31, 2015 19:33:53.54 1427805233499	addons.update-checker	WARN	Update manifest for hotro@fshare.vn did not contain an updates property
Mar 31, 2015 19:33:56.27 1427805236287	addons.update-checker	WARN	Update manifest for {972ce4c6-7e08-4474-a285-3208198ce6fd} did not contain an updates property

Apr 01, 2015 21:05:38.63 NEW SESSION
Apr 01, 2015 21:05:38.63 1427897138640	addons.update-checker	WARN	Update manifest for hotro@fshare.vn did not contain an updates property
Apr 01, 2015 21:05:39.03 1427897139053	addons.update-checker	WARN	Update manifest for {972ce4c6-7e08-4474-a285-3208198ce6fd} did not contain an updates property
Apr 01, 2015 21:51:11.74 WARNING: content window passed to PrivateBrowsingUtils.isWindowPrivate. Use isContentWindowPrivate instead (but only for frame scripts).
Apr 01, 2015 21:51:11.75 pbu_isWindowPrivate@resource://gre/modules/PrivateBrowsingUtils.jsm:25:14
Apr 01, 2015 21:51:11.75 nsBrowserAccess.prototype.openURI@chrome://browser/content/browser.js:14328:25
Apr 01, 2015 22:00:53.24 [Child 4756] WARNING: pipe error: 109: file c:/builds/moz2_slave/rel-m-rel-w32_bld-000000000000/build/ipc/chromium/src/chrome/common/ipc_channel_win.cc, line 305
Apr 01, 2015 22:01:31.35 WARNING: content window passed to PrivateBrowsingUtils.isWindowPrivate. Use isContentWindowPrivate instead (but only for frame scripts).
Apr 01, 2015 22:01:31.35 pbu_isWindowPrivate@resource://gre/modules/PrivateBrowsingUtils.jsm:25:14
Apr 01, 2015 22:01:31.35 nsBrowserAccess.prototype.openURI@chrome://browser/content/browser.js:14328:25
Apr 01, 2015 23:48:36.45 [Child 6776] WARNING: pipe error: 109: file c:/builds/moz2_slave/rel-m-rel-w32_bld-000000000000/build/ipc/chromium/src/chrome/common/ipc_channel_win.cc, line 305

Apr 02, 2015 14:35:50.87 NEW SESSION
Apr 02, 2015 14:35:50.88 
Apr 02, 2015 14:35:50.95 ###!!! [Child][MessageChannel] Error: Channel closing: too late to send/recv, messages will be lost
Apr 02, 2015 14:35:50.96 

Apr 06, 2015 11:23:33.31 NEW SESSION
Apr 06, 2015 11:23:33.31 [Child 4364] WARNING: pipe error: 109: file c:/builds/moz2_slave/rel-m-beta-w32_bld-00000000000/build/ipc/chromium/src/chrome/common/ipc_channel_win.cc, line 305
Apr 06, 2015 11:23:33.36 [Child 4364] WARNING: pipe error: 109: file c:/builds/moz2_slave/rel-m-beta-w32_bld-00000000000/build/ipc/chromium/src/chrome/common/ipc_channel_win.cc, line 305
Apr 06, 2015 12:52:10.54 [Child 8100] WARNING: pipe error: 109: file c:/builds/moz2_slave/rel-m-beta-w32_bld-00000000000/build/ipc/chromium/src/chrome/common/ipc_channel_win.cc, line 305
Apr 06, 2015 12:52:10.54 [Child 8100] WARNING: pipe error: 109: file c:/builds/moz2_slave/rel-m-beta-w32_bld-00000000000/build/ipc/chromium/src/chrome/common/ipc_channel_win.cc, line 305
Apr 06, 2015 13:19:17.75 [Child 5572] WARNING: pipe error: 109: file c:/builds/moz2_slave/rel-m-beta-w32_bld-00000000000/build/ipc/chromium/src/chrome/common/ipc_channel_win.cc, line 305
Apr 06, 2015 13:19:17.75 [Child 5572] WARNING: pipe error: 109: file c:/builds/moz2_slave/rel-m-beta-w32_bld-00000000000/build/ipc/chromium/src/chrome/common/ipc_channel_win.cc, line 305
Apr 06, 2015 13:42:29.59 SystemMessageCache: initSystemMessageCache: initSystemMessageCache: initSystemMessageCache: initWARNING: content window passed to PrivateBrowsingUtils.isWindowPrivate. Use isContentWindowPrivate instead (but only for frame scripts).
Apr 06, 2015 13:42:29.59 pbu_isWindowPrivate@resource://gre/modules/PrivateBrowsingUtils.jsm:25:14
Apr 06, 2015 13:42:29.59 nsBrowserAccess.prototype.openURI@chrome://browser/content/browser.js:15197:21
Apr 06, 2015 13:44:55.33 [NPAPI 7276] WARNING: pipe error: 109: file c:/builds/moz2_slave/rel-m-beta-w32_bld-00000000000/build/ipc/chromium/src/chrome/common/ipc_channel_win.cc, line 305

Apr 06, 2015 23:03:01.84 NEW SESSION
Apr 06, 2015 23:03:01.84 [Child 6572] WARNING: pipe error: 109: file c:/builds/moz2_slave/rel-m-beta-w32_bld-00000000000/build/ipc/chromium/src/chrome/common/ipc_channel_win.cc, line 305
Apr 06, 2015 23:03:01.85 [Child 6572] WARNING: pipe error: 109: file c:/builds/moz2_slave/rel-m-beta-w32_bld-00000000000/build/ipc/chromium/src/chrome/common/ipc_channel_win.cc, line 305
Apr 07, 2015 24:16:48.76 SystemMessageCache: init

Apr 07, 2015 09:41:54.52 NEW SESSION
Apr 07, 2015 09:41:54.52 [Child 6260] WARNING: pipe error: 109: file c:/builds/moz2_slave/rel-m-beta-w32_bld-00000000000/build/ipc/chromium/src/chrome/common/ipc_channel_win.cc, line 305
Apr 07, 2015 09:41:54.57 [Child 6260] WARNING: pipe error: 109: file c:/builds/moz2_slave/rel-m-beta-w32_bld-00000000000/build/ipc/chromium/src/chrome/common/ipc_channel_win.cc, line 305
Apr 07, 2015 09:58:00.33 SystemMessageCache: initWARNING: content window passed to PrivateBrowsingUtils.isWindowPrivate. Use isContentWindowPrivate instead (but only for frame scripts).
Apr 07, 2015 09:58:00.33 pbu_isWindowPrivate@resource://gre/modules/PrivateBrowsingUtils.jsm:25:14
Apr 07, 2015 09:58:00.34 nsBrowserAccess.prototype.openURI@chrome://browser/content/browser.js:15197:21
Apr 07, 2015 09:58:13.48 WARNING: content window passed to PrivateBrowsingUtils.isWindowPrivate. Use isContentWindowPrivate instead (but only for frame scripts).
Apr 07, 2015 09:58:13.49 pbu_isWindowPrivate@resource://gre/modules/PrivateBrowsingUtils.jsm:25:14
Apr 07, 2015 09:58:13.49 nsBrowserAccess.prototype.openURI@chrome://browser/content/browser.js:15197:21
Apr 07, 2015 09:58:15.75 WARNING: content window passed to PrivateBrowsingUtils.isWindowPrivate. Use isContentWindowPrivate instead (but only for frame scripts).
Apr 07, 2015 09:58:15.75 pbu_isWindowPrivate@resource://gre/modules/PrivateBrowsingUtils.jsm:25:14
Apr 07, 2015 09:58:15.75 nsBrowserAccess.prototype.openURI@chrome://browser/content/browser.js:15197:21
Apr 07, 2015 10:14:21.96 1428376461968	addons.update-checker	WARN	Update manifest for hotro@fshare.vn did not contain an updates property
Apr 07, 2015 10:14:22.25 1428376462257	addons.update-checker	WARN	Update manifest for {972ce4c6-7e08-4474-a285-3208198ce6fd} did not contain an updates property
Apr 07, 2015 10:14:32.21 Exception trying to format object for log message: [Exception... "Component returned failure code: 0x80004001 (NS_ERROR_NOT_IMPLEMENTED) [nsIIncrementalDownload.loadGroup]"  nsresult: "0x80004001 (NS_ERROR_NOT_IMPLEMENTED)"  location: "JS frame :: resource://gre/modules/Log.jsm :: ParameterFormatter.prototype.format :: line 668"  data: no] Stack trace: ParameterFormatter.prototype.format()@resource://gre/modules/Log.jsm:668 < BasicFormatter.prototype.formatText()@resource://gre/modules/Log.jsm:569 < BF_format()@resource://gre/modules/Log.jsm:582 < App_append()@resource://gre/modules/Log.jsm:747 < Logger.prototype.log()@resource://gre/modules/Log.jsm:386 < LoggerRepository.prototype.getLoggerWithMessagePrefix/proxy.log()@resource://gre/modules/Log.jsm:501 < Logger.prototype.error()@resource://gre/modules/Log.jsm:394 < GMPProvider_updateTask()@resource://gre/modules/addons/GMPProvider.jsm:277 < throw()@self-hosted:637 < TaskImpl_run()@resource://gre/modules/Task.jsm:315 < Handler.prototype.process()@resource://gre/modules/Promise.jsm -> resource://gre/modules/Promise-backend.js:870 < this.PromiseWalker.walkerLoop()@resource://gre/modules/Promise.jsm -> resource://gre/modules/Promise-backend.js:746 < this.PromiseWalker.scheduleWalkerLoop/<()@resource://gre/modules/Promise.jsm -> resource://gre/modules/Promise-backend.js:688 < <file:unknown>
Apr 07, 2015 12:07:13.29 [Child 8548] WARNING: pipe error: 109: file c:/builds/moz2_slave/rel-m-beta-w32_bld-00000000000/build/ipc/chromium/src/chrome/common/ipc_channel_win.cc, line 305
Apr 07, 2015 12:07:13.32 [Child 8548] WARNING: pipe error: 109: file c:/builds/moz2_slave/rel-m-beta-w32_bld-00000000000/build/ipc/chromium/src/chrome/common/ipc_channel_win.cc, line 305
Apr 07, 2015 12:12:41.56 [Child 7984] WARNING: pipe error: 109: file c:/builds/moz2_slave/rel-m-beta-w32_bld-00000000000/build/ipc/chromium/src/chrome/common/ipc_channel_win.cc, line 305
Apr 07, 2015 12:12:41.57 [Child 7984] WARNING: pipe error: 109: file c:/builds/moz2_slave/rel-m-beta-w32_bld-00000000000/build/ipc/chromium/src/chrome/common/ipc_channel_win.cc, line 305
Apr 07, 2015 12:43:00.67 SystemMessageCache: initSystemMessageCache: initSystemMessageCache: init
Apr 07, 2015 12:57:55.18 [Child 9596] WARNING: pipe error: 109: file c:/builds/moz2_slave/rel-m-beta-w32_bld-00000000000/build/ipc/chromium/src/chrome/common/ipc_channel_win.cc, line 305
Apr 07, 2015 12:57:55.18 [Child 9596] WARNING: pipe error: 109: file c:/builds/moz2_slave/rel-m-beta-w32_bld-00000000000/build/ipc/chromium/src/chrome/common/ipc_channel_win.cc, line 305
Apr 07, 2015 13:47:17.49 SystemMessageCache: init
